c:\of_v0.9.8_vs_release\apps\ghost-puppeteer\ghost-puppeteer\obj\release\ofxbutton.obj
c:\of_v0.9.8_vs_release\apps\ghost-puppeteer\ghost-puppeteer\obj\release\ofxpanel.obj
c:\of_v0.9.8_vs_release\apps\ghost-puppeteer\ghost-puppeteer\obj\release\main.obj
c:\of_v0.9.8_vs_release\apps\ghost-puppeteer\ghost-puppeteer\obj\release\ofxguigroup.obj
c:\of_v0.9.8_vs_release\apps\ghost-puppeteer\ghost-puppeteer\obj\release\ofxautoreloadedshader.obj
c:\of_v0.9.8_vs_release\apps\ghost-puppeteer\ghost-puppeteer\obj\release\pointmass.obj
c:\of_v0.9.8_vs_release\apps\ghost-puppeteer\ghost-puppeteer\obj\release\ofapp.obj
c:\of_v0.9.8_vs_release\apps\ghost-puppeteer\ghost-puppeteer\obj\release\cloth.obj
c:\of_v0.9.8_vs_release\apps\ghost-puppeteer\ghost-puppeteer\obj\release\ofxtoggle.obj
c:\of_v0.9.8_vs_release\apps\ghost-puppeteer\ghost-puppeteer\obj\release\ofxbasegui.obj
c:\of_v0.9.8_vs_release\apps\ghost-puppeteer\ghost-puppeteer\obj\release\ofxslidergroup.obj
c:\of_v0.9.8_vs_release\apps\ghost-puppeteer\ghost-puppeteer\obj\release\ofxlabel.obj
c:\of_v0.9.8_vs_release\apps\ghost-puppeteer\ghost-puppeteer\obj\release\ofxslider.obj
c:\of_v0.9.8_vs_release\apps\ghost-puppeteer\ghost-puppeteer\obj\release\vc140.pdb
c:\of_v0.9.8_vs_release\apps\ghost-puppeteer\ghost-puppeteer\obj\release\gui.obj
c:\of_v0.9.8_vs_release\apps\ghost-puppeteer\ghost-puppeteer\obj\release\ghost.obj
c:\of_v0.9.8_vs_release\apps\ghost-puppeteer\ghost-puppeteer\obj\release\ofxfxobject.obj
c:\of_v0.9.8_vs_release\apps\ghost-puppeteer\ghost-puppeteer\obj\release\ofxfluid.obj
c:\of_v0.9.8_vs_release\apps\ghost-puppeteer\ghost-puppeteer\bin\ghost-puppeteer.lib
c:\of_v0.9.8_vs_release\apps\ghost-puppeteer\ghost-puppeteer\bin\ghost-puppeteer.exp
c:\of_v0.9.8_vs_release\apps\ghost-puppeteer\ghost-puppeteer\bin\ghost-puppeteer.exe
c:\of_v0.9.8_vs_release\apps\ghost-puppeteer\ghost-puppeteer\bin\ghost-puppeteer.ipdb
c:\of_v0.9.8_vs_release\apps\ghost-puppeteer\ghost-puppeteer\bin\ghost-puppeteer.iobj
c:\of_v0.9.8_vs_release\apps\ghost-puppeteer\ghost-puppeteer\bin\ghost-puppeteer.pdb
c:\of_v0.9.8_vs_release\apps\ghost-puppeteer\ghost-puppeteer\obj\release\icon.res
c:\of_v0.9.8_vs_release\apps\ghost-puppeteer\ghost-puppeteer\obj\release\ghost-puppeteer.vcxprojresolveassemblyreference.cache
c:\of_v0.9.8_vs_release\apps\ghost-puppeteer\ghost-puppeteer\obj\release\ghost-puppeteer.tlog\cl.command.1.tlog
c:\of_v0.9.8_vs_release\apps\ghost-puppeteer\ghost-puppeteer\obj\release\ghost-puppeteer.tlog\cl.read.1.tlog
c:\of_v0.9.8_vs_release\apps\ghost-puppeteer\ghost-puppeteer\obj\release\ghost-puppeteer.tlog\cl.write.1.tlog
c:\of_v0.9.8_vs_release\apps\ghost-puppeteer\ghost-puppeteer\obj\release\ghost-puppeteer.tlog\ghost-puppeteer.write.1u.tlog
c:\of_v0.9.8_vs_release\apps\ghost-puppeteer\ghost-puppeteer\obj\release\ghost-puppeteer.tlog\link.command.1.tlog
c:\of_v0.9.8_vs_release\apps\ghost-puppeteer\ghost-puppeteer\obj\release\ghost-puppeteer.tlog\link.read.1.tlog
c:\of_v0.9.8_vs_release\apps\ghost-puppeteer\ghost-puppeteer\obj\release\ghost-puppeteer.tlog\link.write.1.tlog
c:\of_v0.9.8_vs_release\apps\ghost-puppeteer\ghost-puppeteer\obj\release\ghost-puppeteer.tlog\rc.command.1.tlog
c:\of_v0.9.8_vs_release\apps\ghost-puppeteer\ghost-puppeteer\obj\release\ghost-puppeteer.tlog\rc.read.1.tlog
c:\of_v0.9.8_vs_release\apps\ghost-puppeteer\ghost-puppeteer\obj\release\ghost-puppeteer.tlog\rc.write.1.tlog
